     6>D:\projects\misis2023f-23-check\misis2024s-23-03-pluzhnikov-a-a\prj.check\prj.check\doctest_queuearr\doctest_queuearr.cpp(3,10): error C1083: Cannot open include file: 'queuearr/queuearr.hpp': No such file or directory [D:\projects\misis2023f-23-check\misis2024s-23-03-pluzhnikov-a-a\build.check\prj.check\prj.check\doctest_queuearr\doctest_queuearr.vcxproj]
    11>D:\projects\misis2023f-23-check\misis2024s-23-03-pluzhnikov-a-a\prj.check\prj.check\doctest_queuelst\doctest_queuelst_moveable.cpp(3,10): error C1083: Cannot open include file: 'queuelst/queuelst.hpp': No such file or directory [D:\projects\misis2023f-23-check\misis2024s-23-03-pluzhnikov-a-a\build.check\prj.check\prj.check\doctest_queuelst\doctest_queuelst_m.vcxproj]
    13>D:\projects\misis2023f-23-check\misis2024s-23-03-pluzhnikov-a-a\prj.check\prj.check\doctest_queuearr\doctest_queuearr_moveable.cpp(3,10): error C1083: Cannot open include file: 'queuearr/queuearr.hpp': No such file or directory [D:\projects\misis2023f-23-check\misis2024s-23-03-pluzhnikov-a-a\build.check\prj.check\prj.check\doctest_queuearr\doctest_queuearr_m.vcxproj]
    15>D:\projects\misis2023f-23-check\misis2024s-23-03-pluzhnikov-a-a\prj.check\prj.check\doctest_bitset\doctest_bitset.cpp(3,10): error C1083: Cannot open include file: 'bitset/bitset.hpp': No such file or directory [D:\projects\misis2023f-23-check\misis2024s-23-03-pluzhnikov-a-a\build.check\prj.check\prj.check\doctest_bitset\doctest_bitset.vcxproj]
    14>D:\projects\misis2023f-23-check\misis2024s-23-03-pluzhnikov-a-a\prj.check\prj.check\doctest_bitset\doctest_bitset_moveable.cpp(3,10): error C1083: Cannot open include file: 'bitset/bitset.hpp': No such file or directory [D:\projects\misis2023f-23-check\misis2024s-23-03-pluzhnikov-a-a\build.check\prj.check\prj.check\doctest_bitset\doctest_bitset_m.vcxproj]
    20>D:\projects\misis2023f-23-check\misis2024s-23-03-pluzhnikov-a-a\prj.check\prj.check\doctest_queuelstpr\doctest_queuelstpr_moveable.cpp(3,10): error C1083: Cannot open include file: 'queuelstpr/queuelstpr.hpp': No such file or directory [D:\projects\misis2023f-23-check\misis2024s-23-03-pluzhnikov-a-a\build.check\prj.check\prj.check\doctest_queuelstpr\doctest_queuelstpr_m.vcxproj]
    21>D:\projects\misis2023f-23-check\misis2024s-23-03-pluzhnikov-a-a\prj.check\prj.check\doctest_queuelstpr\doctest_queuelstpr.cpp(3,10): error C1083: Cannot open include file: 'queuelstpr/queuelstpr.hpp': No such file or directory [D:\projects\misis2023f-23-check\misis2024s-23-03-pluzhnikov-a-a\build.check\prj.check\prj.check\doctest_queuelstpr\doctest_queuelstpr.vcxproj]
    27>D:\projects\misis2023f-23-check\misis2024s-23-03-pluzhnikov-a-a\prj.check\prj.check\doctest_stacklst\doctest_stacklst.cpp(3,10): error C1083: Cannot open include file: 'stacklst/stacklst.hpp': No such file or directory [D:\projects\misis2023f-23-check\misis2024s-23-03-pluzhnikov-a-a\build.check\prj.check\prj.check\doctest_stacklst\doctest_stacklst.vcxproj]
    28>D:\projects\misis2023f-23-check\misis2024s-23-03-pluzhnikov-a-a\prj.check\prj.check\doctest_stacklst\doctest_stacklst_moveable.cpp(3,10): error C1083: Cannot open include file: 'stacklst/stacklst.hpp': No such file or directory [D:\projects\misis2023f-23-check\misis2024s-23-03-pluzhnikov-a-a\build.check\prj.check\prj.check\doctest_stacklst\doctest_stacklst_m.vcxproj]
    25>D:\projects\misis2023f-23-check\misis2024s-23-03-pluzhnikov-a-a\prj.check\prj.check\doctest_stackarr\doctest_stackarr.cpp(3,10): error C1083: Cannot open include file: 'stackarr/stackarr.hpp': No such file or directory [D:\projects\misis2023f-23-check\misis2024s-23-03-pluzhnikov-a-a\build.check\prj.check\prj.check\doctest_stackarr\doctest_stackarr.vcxproj]
     5>D:\projects\misis2023f-23-check\misis2024s-23-03-pluzhnikov-a-a\prj.check\prj.check\doctest_queuelst\doctest_queuelst.cpp(3,10): error C1083: Cannot open include file: 'queuelst/queuelst.hpp': No such file or directory [D:\projects\misis2023f-23-check\misis2024s-23-03-pluzhnikov-a-a\build.check\prj.check\prj.check\doctest_queuelst\doctest_queuelst.vcxproj]
    26>D:\projects\misis2023f-23-check\misis2024s-23-03-pluzhnikov-a-a\prj.check\prj.check\doctest_stackarr\doctest_stackarr_moveable.cpp(3,10): error C1083: Cannot open include file: 'stackarr/stackarr.hpp': No such file or directory [D:\projects\misis2023f-23-check\misis2024s-23-03-pluzhnikov-a-a\build.check\prj.check\prj.check\doctest_stackarr\doctest_stackarr_m.vcxproj]
    10>D:\projects\misis2023f-23-check\misis2024s-23-03-pluzhnikov-a-a\prj.check\prj.check\doctest_dynarr\doctest_dynarr.cpp(16,3): error C2039: 'Size': is not a member of 'DynArr' [D:\projects\misis2023f-23-check\misis2024s-23-03-pluzhnikov-a-a\build.check\prj.check\prj.check\doctest_dynarr\doctest_dynarr.vcxproj]
    10>D:\projects\misis2023f-23-check\misis2024s-23-03-pluzhnikov-a-a\prj.check\prj.check\doctest_dynarr\doctest_dynarr.cpp(17,3): error C2039: 'Size': is not a member of 'DynArr' [D:\projects\misis2023f-23-check\misis2024s-23-03-pluzhnikov-a-a\build.check\prj.check\prj.check\doctest_dynarr\doctest_dynarr.vcxproj]
    17>D:\projects\misis2023f-23-check\misis2024s-23-03-pluzhnikov-a-a\prj.check\prj.check\doctest_dynarr\doctest_dynarr_moveable.cpp(13,3): error C2039: 'Size': is not a member of 'DynArr' [D:\projects\misis2023f-23-check\misis2024s-23-03-pluzhnikov-a-a\build.check\prj.check\prj.check\doctest_dynarr\doctest_dynarr_m.vcxproj]
    10>D:\projects\misis2023f-23-check\misis2024s-23-03-pluzhnikov-a-a\prj.check\prj.check\doctest_dynarr\doctest_dynarr.cpp(26,3): error C2039: 'Size': is not a member of 'DynArr' [D:\projects\misis2023f-23-check\misis2024s-23-03-pluzhnikov-a-a\build.check\prj.check\prj.check\doctest_dynarr\doctest_dynarr.vcxproj]
    17>D:\projects\misis2023f-23-check\misis2024s-23-03-pluzhnikov-a-a\prj.check\prj.check\doctest_dynarr\doctest_dynarr_moveable.cpp(14,19): error C2039: 'Size': is not a member of 'DynArr' [D:\projects\misis2023f-23-check\misis2024s-23-03-pluzhnikov-a-a\build.check\prj.check\prj.check\doctest_dynarr\doctest_dynarr_m.vcxproj]
    17>D:\projects\misis2023f-23-check\misis2024s-23-03-pluzhnikov-a-a\prj.check\prj.check\doctest_dynarr\doctest_dynarr_moveable.cpp(14,41): error C2039: 'Size': is not a member of 'DynArr' [D:\projects\misis2023f-23-check\misis2024s-23-03-pluzhnikov-a-a\build.check\prj.check\prj.check\doctest_dynarr\doctest_dynarr_m.vcxproj]
    17>D:\projects\misis2023f-23-check\misis2024s-23-03-pluzhnikov-a-a\prj.check\prj.check\doctest_dynarr\doctest_dynarr_moveable.cpp(23,3): error C2039: 'Size': is not a member of 'DynArr' [D:\projects\misis2023f-23-check\misis2024s-23-03-pluzhnikov-a-a\build.check\prj.check\prj.check\doctest_dynarr\doctest_dynarr_m.vcxproj]
    17>D:\projects\misis2023f-23-check\misis2024s-23-03-pluzhnikov-a-a\prj.check\prj.check\doctest_dynarr\doctest_dynarr_moveable.cpp(24,19): error C2039: 'Size': is not a member of 'DynArr' [D:\projects\misis2023f-23-check\misis2024s-23-03-pluzhnikov-a-a\build.check\prj.check\prj.check\doctest_dynarr\doctest_dynarr_m.vcxproj]
    10>D:\projects\misis2023f-23-check\misis2024s-23-03-pluzhnikov-a-a\prj.check\prj.check\doctest_dynarr\doctest_dynarr.cpp(26,3): error C2672: 'doctest::detail::ResultBuilder::binary_assert': no matching overloaded function found [D:\projects\misis2023f-23-check\misis2024s-23-03-pluzhnikov-a-a\build.check\prj.check\prj.check\doctest_dynarr\doctest_dynarr.vcxproj]
    17>D:\projects\misis2023f-23-check\misis2024s-23-03-pluzhnikov-a-a\prj.check\prj.check\doctest_dynarr\doctest_dynarr_moveable.cpp(24,41): error C2039: 'Size': is not a member of 'DynArr' [D:\projects\misis2023f-23-check\misis2024s-23-03-pluzhnikov-a-a\build.check\prj.check\prj.check\doctest_dynarr\doctest_dynarr_m.vcxproj]
    10>D:\projects\misis2023f-23-check\misis2024s-23-03-pluzhnikov-a-a\prj.check\prj.check\doctest_dynarr\doctest_dynarr.cpp(34,25): error C2039: 'Size': is not a member of 'DynArr' [D:\projects\misis2023f-23-check\misis2024s-23-03-pluzhnikov-a-a\build.check\prj.check\prj.check\doctest_dynarr\doctest_dynarr.vcxproj]
    10>D:\projects\misis2023f-23-check\misis2024s-23-03-pluzhnikov-a-a\prj.check\prj.check\doctest_dynarr\doctest_dynarr.cpp(38,3): error C2039: 'Size': is not a member of 'DynArr' [D:\projects\misis2023f-23-check\misis2024s-23-03-pluzhnikov-a-a\build.check\prj.check\prj.check\doctest_dynarr\doctest_dynarr.vcxproj]
    10>D:\projects\misis2023f-23-check\misis2024s-23-03-pluzhnikov-a-a\prj.check\prj.check\doctest_dynarr\doctest_dynarr.cpp(39,25): error C2039: 'Size': is not a member of 'DynArr' [D:\projects\misis2023f-23-check\misis2024s-23-03-pluzhnikov-a-a\build.check\prj.check\prj.check\doctest_dynarr\doctest_dynarr.vcxproj]
    10>D:\projects\misis2023f-23-check\misis2024s-23-03-pluzhnikov-a-a\prj.check\prj.check\doctest_dynarr\doctest_dynarr.cpp(42,25): error C2039: 'Size': is not a member of 'DynArr' [D:\projects\misis2023f-23-check\misis2024s-23-03-pluzhnikov-a-a\build.check\prj.check\prj.check\doctest_dynarr\doctest_dynarr.vcxproj]
    10>D:\projects\misis2023f-23-check\misis2024s-23-03-pluzhnikov-a-a\prj.check\prj.check\doctest_dynarr\doctest_dynarr.cpp(45,25): error C2039: 'Size': is not a member of 'DynArr' [D:\projects\misis2023f-23-check\misis2024s-23-03-pluzhnikov-a-a\build.check\prj.check\prj.check\doctest_dynarr\doctest_dynarr.vcxproj]
    10>D:\projects\misis2023f-23-check\misis2024s-23-03-pluzhnikov-a-a\prj.check\prj.check\doctest_dynarr\doctest_dynarr.cpp(52,25): error C2039: 'Size': is not a member of 'DynArr' [D:\projects\misis2023f-23-check\misis2024s-23-03-pluzhnikov-a-a\build.check\prj.check\prj.check\doctest_dynarr\doctest_dynarr.vcxproj]
    10>D:\projects\misis2023f-23-check\misis2024s-23-03-pluzhnikov-a-a\prj.check\prj.check\doctest_dynarr\doctest_dynarr.cpp(58,25): error C2039: 'Size': is not a member of 'DynArr' [D:\projects\misis2023f-23-check\misis2024s-23-03-pluzhnikov-a-a\build.check\prj.check\prj.check\doctest_dynarr\doctest_dynarr.vcxproj]
    10>D:\projects\misis2023f-23-check\misis2024s-23-03-pluzhnikov-a-a\prj.check\prj.check\doctest_dynarr\doctest_dynarr.cpp(65,3): error C2039: 'Size': is not a member of 'DynArr' [D:\projects\misis2023f-23-check\misis2024s-23-03-pluzhnikov-a-a\build.check\prj.check\prj.check\doctest_dynarr\doctest_dynarr.vcxproj]
    10>D:\projects\misis2023f-23-check\misis2024s-23-03-pluzhnikov-a-a\prj.check\prj.check\doctest_dynarr\doctest_dynarr.cpp(67,19): error C2039: 'Size': is not a member of 'DynArr' [D:\projects\misis2023f-23-check\misis2024s-23-03-pluzhnikov-a-a\build.check\prj.check\prj.check\doctest_dynarr\doctest_dynarr.vcxproj]
    10>D:\projects\misis2023f-23-check\misis2024s-23-03-pluzhnikov-a-a\prj.check\prj.check\doctest_dynarr\doctest_dynarr.cpp(67,37): error C2039: 'Size': is not a member of 'DynArr' [D:\projects\misis2023f-23-check\misis2024s-23-03-pluzhnikov-a-a\build.check\prj.check\prj.check\doctest_dynarr\doctest_dynarr.vcxproj]
    10>D:\projects\misis2023f-23-check\misis2024s-23-03-pluzhnikov-a-a\prj.check\prj.check\doctest_dynarr\doctest_dynarr.cpp(68,25): error C2039: 'Size': is not a member of 'DynArr' [D:\projects\misis2023f-23-check\misis2024s-23-03-pluzhnikov-a-a\build.check\prj.check\prj.check\doctest_dynarr\doctest_dynarr.vcxproj]
    10>D:\projects\misis2023f-23-check\misis2024s-23-03-pluzhnikov-a-a\prj.check\prj.check\doctest_dynarr\doctest_dynarr.cpp(73,25): error C2039: 'Size': is not a member of 'DynArr' [D:\projects\misis2023f-23-check\misis2024s-23-03-pluzhnikov-a-a\build.check\prj.check\prj.check\doctest_dynarr\doctest_dynarr.vcxproj]
    10>D:\projects\misis2023f-23-check\misis2024s-23-03-pluzhnikov-a-a\prj.check\prj.check\doctest_dynarr\doctest_dynarr.cpp(76,25): error C2039: 'Size': is not a member of 'DynArr' [D:\projects\misis2023f-23-check\misis2024s-23-03-pluzhnikov-a-a\build.check\prj.check\prj.check\doctest_dynarr\doctest_dynarr.vcxproj]
    10>D:\projects\misis2023f-23-check\misis2024s-23-03-pluzhnikov-a-a\prj.check\prj.check\doctest_dynarr\doctest_dynarr.cpp(84,28): error C2039: 'Size': is not a member of 'DynArr' [D:\projects\misis2023f-23-check\misis2024s-23-03-pluzhnikov-a-a\build.check\prj.check\prj.check\doctest_dynarr\doctest_dynarr.vcxproj]
    10>D:\projects\misis2023f-23-check\misis2024s-23-03-pluzhnikov-a-a\prj.check\prj.check\doctest_dynarr\doctest_dynarr.cpp(88,25): error C2039: 'Size': is not a member of 'DynArr' [D:\projects\misis2023f-23-check\misis2024s-23-03-pluzhnikov-a-a\build.check\prj.check\prj.check\doctest_dynarr\doctest_dynarr.vcxproj]
    10>D:\projects\misis2023f-23-check\misis2024s-23-03-pluzhnikov-a-a\prj.check\prj.check\doctest_dynarr\doctest_dynarr.cpp(99,3): error C2039: 'Size': is not a member of 'DynArr' [D:\projects\misis2023f-23-check\misis2024s-23-03-pluzhnikov-a-a\build.check\prj.check\prj.check\doctest_dynarr\doctest_dynarr.vcxproj]
    10>D:\projects\misis2023f-23-check\misis2024s-23-03-pluzhnikov-a-a\prj.check\prj.check\doctest_dynarr\doctest_dynarr.cpp(101,3): error C2039: 'Size': is not a member of 'DynArr' [D:\projects\misis2023f-23-check\misis2024s-23-03-pluzhnikov-a-a\build.check\prj.check\prj.check\doctest_dynarr\doctest_dynarr.vcxproj]
    10>D:\projects\misis2023f-23-check\misis2024s-23-03-pluzhnikov-a-a\prj.check\prj.check\doctest_dynarr\doctest_dynarr.cpp(103,3): error C2678: binary '[': no operator found which takes a left-hand operand of type 'const DynArr' (or there is no acceptable conversion) [D:\projects\misis2023f-23-check\misis2024s-23-03-pluzhnikov-a-a\build.check\prj.check\prj.check\doctest_dynarr\doctest_dynarr.vcxproj]
    10>D:\projects\misis2023f-23-check\misis2024s-23-03-pluzhnikov-a-a\prj.check\prj.check\doctest_dynarr\doctest_dynarr.cpp(104,3): error C2039: 'Size': is not a member of 'DynArr' [D:\projects\misis2023f-23-check\misis2024s-23-03-pluzhnikov-a-a\build.check\prj.check\prj.check\doctest_dynarr\doctest_dynarr.vcxproj]
    10>D:\projects\misis2023f-23-check\misis2024s-23-03-pluzhnikov-a-a\prj.check\prj.check\doctest_dynarr\doctest_dynarr.cpp(105,3): error C2678: binary '[': no operator found which takes a left-hand operand of type 'const DynArr' (or there is no acceptable conversion) [D:\projects\misis2023f-23-check\misis2024s-23-03-pluzhnikov-a-a\build.check\prj.check\prj.check\doctest_dynarr\doctest_dynarr.vcxproj]
    10>D:\projects\misis2023f-23-check\misis2024s-23-03-pluzhnikov-a-a\prj.check\prj.check\doctest_dynarr\doctest_dynarr.cpp(106,3): error C2039: 'Size': is not a member of 'DynArr' [D:\projects\misis2023f-23-check\misis2024s-23-03-pluzhnikov-a-a\build.check\prj.check\prj.check\doctest_dynarr\doctest_dynarr.vcxproj]
    10>D:\projects\misis2023f-23-check\misis2024s-23-03-pluzhnikov-a-a\prj.check\prj.check\doctest_dynarr\doctest_dynarr.cpp(111,25): error C2039: 'Size': is not a member of 'DynArr' [D:\projects\misis2023f-23-check\misis2024s-23-03-pluzhnikov-a-a\build.check\prj.check\prj.check\doctest_dynarr\doctest_dynarr.vcxproj]
    10>D:\projects\misis2023f-23-check\misis2024s-23-03-pluzhnikov-a-a\prj.check\prj.check\doctest_dynarr\doctest_dynarr.cpp(116,25): error C2039: 'Size': is not a member of 'DynArr' [D:\projects\misis2023f-23-check\misis2024s-23-03-pluzhnikov-a-a\build.check\prj.check\prj.check\doctest_dynarr\doctest_dynarr.vcxproj]
    10>D:\projects\misis2023f-23-check\misis2024s-23-03-pluzhnikov-a-a\prj.check\prj.check\doctest_dynarr\doctest_dynarr.cpp(135,3): error C2039: 'Size': is not a member of 'DynArr' [D:\projects\misis2023f-23-check\misis2024s-23-03-pluzhnikov-a-a\build.check\prj.check\prj.check\doctest_dynarr\doctest_dynarr.vcxproj]
